<?xml version="1.0" encoding="UTF-8"?>
<!-- Generated by org.testng.reporters.JUnitReportReporter -->
<testsuite skipped="0" hostname="wvh154" name="com.crm.qa.testcases.HomePageTest" tests="3" failures="0" timestamp="18 Mar 2020 15:07:15 GMT" time="195.044" errors="0">
  <testcase name="HomePageTitleTest" time="26.260" classname="com.crm.qa.testcases.HomePageTest"/>
  <testcase name="userLableTest" time="105.901" classname="com.crm.qa.testcases.HomePageTest"/>
  <testcase name="contactsLinkTest" time="62.883" classname="com.crm.qa.testcases.HomePageTest"/>
</testsuite> <!-- com.crm.qa.testcases.HomePageTest -->
