<?xml version="1.0" encoding="UTF-8"?>
<!-- Generated by org.testng.reporters.JUnitReportReporter -->
<testsuite skipped="0" hostname="wvh154" name="com.crm.qa.testcases.LoginPageTest" tests="2" failures="0" timestamp="18 Mar 2020 15:07:16 GMT" time="92.724" errors="0">
  <testcase name="loginPageTitleTest" time="39.726" classname="com.crm.qa.testcases.LoginPageTest"/>
  <testcase name="validateUserLoginTest" time="52.998" classname="com.crm.qa.testcases.LoginPageTest"/>
</testsuite> <!-- com.crm.qa.testcases.LoginPageTest -->
